<?xml version="1.0" encoding="UTF-8"?>
<!-- Generated by org.testng.reporters.JUnitReportReporter -->
<testsuite skipped="0" hostname="AshwinDixon" name="test.LoginTest" tests="1" failures="0" timestamp="2021-03-12T11:25:29 IST" time="20.409" errors="0">
  <testcase name="testLogin" time="20.409" classname="test.LoginTest"/>
  <system-out>
Entering Login test case  </system-out>
</testsuite> <!-- test.LoginTest -->
