<?xml version="1.0" encoding="UTF-8"?>
<!-- Generated by org.testng.reporters.JUnitReportReporter -->
<testsuite skipped="0" hostname="AshwinDixon" name="suite.AssignmentSuite" tests="5" failures="0" timestamp="2021-03-12T11:55:30 IST" time="12.650" errors="0">
  <testcase name="test1" time="0.476" classname="suite.AssignmentSuite"/>
  <system-out>
Entering Login test case  </system-out>
  <testcase name="test2" time="2.992" classname="suite.AssignmentSuite"/>
  <system-out>
Entering Total Activities testcase Total Activity Entries is 66  </system-out>
  <testcase name="test3" time="2.421" classname="suite.AssignmentSuite"/>
  <system-out>
Entering Sum of Loan Number testcase Sum of Loan number is 2775300  </system-out>
  <testcase name="test4" time="3.985" classname="suite.AssignmentSuite"/>
  <system-out>
Entering Activity Hashmap testcase Size of Hashmap is 22  </system-out>
  <testcase name="test5" time="2.776" classname="suite.AssignmentSuite"/>
  <system-out>
Entering Activity Hashmap testcase Size of Even Loan number list is 30  </system-out>
</testsuite> <!-- suite.AssignmentSuite -->
